生成启动时间为 2021/6/25 8:54:14。
     1>项目“F:\C++ Practise\OpenGL\ConsoleOpenGL\ConsoleOpenGL\ConsoleOpenGL.vcxproj”在节点 2 上(Build 个目标)。
     1>ClCompile:
         C:\Program Files (x86)\Microsoft Visual Studio 11.0\VC\bin\CL.exe /c /I..\include\Release\Win32 /I..\include /Zi /nologo /W3 /WX- /O2 /Oi /Oy- /GL /D WIN32 /D NDEBUG /D _CONSOLE /D _UNICODE /D UNICODE /Gm- /EHsc /MD /GS /Gy /fp:precise /Zc:wchar_t /Zc:forScope /Fo"Release\\" /Fd"Release\vc110.pdb" /Gd /TP /analyze- /errorReport:prompt /zm200 main.cpp
     1>cl : 命令行 warning D9002: 忽略未知选项“/zm200”
         main.cpp
     1>F:\C++ Practise\OpenGL\ConsoleOpenGL\include\learnopengl/shader_m.h(44): warning C4101: “e”: 未引用的局部变量
     1>main.cpp(312): warning C4244: “初始化”: 从“double”转换到“float”，可能丢失数据
     1>main.cpp(410): warning C4244: “=”: 从“double”转换到“float”，可能丢失数据
     1>main.cpp(411): warning C4244: “=”: 从“double”转换到“float”，可能丢失数据
     1>main.cpp(415): warning C4244: “初始化”: 从“double”转换到“float”，可能丢失数据
     1>main.cpp(416): warning C4244: “初始化”: 从“double”转换到“float”，可能丢失数据
     1>main.cpp(418): warning C4244: “=”: 从“double”转换到“float”，可能丢失数据
     1>main.cpp(419): warning C4244: “=”: 从“double”转换到“float”，可能丢失数据
     1>main.cpp(428): warning C4244: “参数”: 从“double”转换到“float”，可能丢失数据
       Link:
         C:\Program Files (x86)\Microsoft Visual Studio 11.0\VC\bin\link.exe /ERRORREPORT:PROMPT /OUT:"F:\C++ Practise\OpenGL\ConsoleOpenGL\Release\ConsoleOpenGL.exe" /INCREMENTAL:NO /NOLOGO /LIBPATH:..\lib\Release\Win32 "assimp-vc110-mt.lib" glfw3.lib opengl32.lib kernel32.lib user32.lib gdi32.lib winspool.lib comdlg32.lib advapi32.lib shell32.lib ole32.lib oleaut32.lib uuid.lib odbc32.lib odbccp32.lib /MANIFEST /MANIFESTUAC:"level='asInvoker' uiAccess='false'" /manifest:embed /DEBUG /PDB:"F:\C++ Practise\OpenGL\ConsoleOpenGL\Release\ConsoleOpenGL.pdb" /SUBSYSTEM:CONSOLE /OPT:REF /OPT:ICF /LTCG /TLBID:1 /DYNAMICBASE /NXCOMPAT /IMPLIB:"F:\C++ Practise\OpenGL\ConsoleOpenGL\Release\ConsoleOpenGL.lib" /MACHINE:X86 /SAFESEH Release\main.obj
         正在生成代码
         已完成代码的生成
         ConsoleOpenGL.vcxproj -> F:\C++ Practise\OpenGL\ConsoleOpenGL\Release\ConsoleOpenGL.exe
     1>已完成生成项目“F:\C++ Practise\OpenGL\ConsoleOpenGL\ConsoleOpenGL\ConsoleOpenGL.vcxproj”(Build 个目标)的操作。

生成成功。

已用时间 00:00:02.01
