H:\LEARNING\CONSOLEOPENGL\CONSOLEOPENGL\DEBUG\GLAD.OBJ
H:\LEARNING\CONSOLEOPENGL\CONSOLEOPENGL\DEBUG\VC110.PDB
H:\LEARNING\CONSOLEOPENGL\CONSOLEOPENGL\DEBUG\MAIN.OBJ
H:\LEARNING\CONSOLEOPENGL\DEBUG\CONSOLEOPENGL.ILK
H:\LEARNING\CONSOLEOPENGL\DEBUG\CONSOLEOPENGL.EXE
H:\LEARNING\CONSOLEOPENGL\DEBUG\CONSOLEOPENGL.PDB
H:\Learning\Demo\ShaderFog2\ConsoleOpenGL\Debug\glad.obj
H:\Learning\Demo\ShaderFog2\ConsoleOpenGL\Debug\main.obj
H:\Learning\Demo\ShaderFog2\ConsoleOpenGL\Debug\cl.command.1.tlog
H:\Learning\Demo\ShaderFog2\ConsoleOpenGL\Debug\CL.read.1.tlog
H:\Learning\Demo\ShaderFog2\ConsoleOpenGL\Debug\CL.write.1.tlog
H:\Learning\Demo\ShaderFog2\ConsoleOpenGL\Debug\link-cvtres.read.1.tlog
H:\Learning\Demo\ShaderFog2\ConsoleOpenGL\Debug\link-cvtres.write.1.tlog
H:\Learning\Demo\ShaderFog2\ConsoleOpenGL\Debug\link-rc.read.1.tlog
H:\Learning\Demo\ShaderFog2\ConsoleOpenGL\Debug\link-rc.write.1.tlog
H:\Learning\Demo\ShaderFog2\ConsoleOpenGL\Debug\link.19268-cvtres.read.1.tlog
H:\Learning\Demo\ShaderFog2\ConsoleOpenGL\Debug\link.19268-cvtres.write.1.tlog
H:\Learning\Demo\ShaderFog2\ConsoleOpenGL\Debug\link.19268-rc.read.1.tlog
H:\Learning\Demo\ShaderFog2\ConsoleOpenGL\Debug\link.19268-rc.write.1.tlog
H:\Learning\Demo\ShaderFog2\ConsoleOpenGL\Debug\link.19268.read.1.tlog
H:\Learning\Demo\ShaderFog2\ConsoleOpenGL\Debug\link.19268.read.2.tlog
H:\Learning\Demo\ShaderFog2\ConsoleOpenGL\Debug\link.19268.write.1.tlog
H:\Learning\Demo\ShaderFog2\ConsoleOpenGL\Debug\link.19356-cvtres.read.1.tlog
H:\Learning\Demo\ShaderFog2\ConsoleOpenGL\Debug\link.19356-cvtres.write.1.tlog
H:\Learning\Demo\ShaderFog2\ConsoleOpenGL\Debug\link.19356-rc.read.1.tlog
H:\Learning\Demo\ShaderFog2\ConsoleOpenGL\Debug\link.19356-rc.write.1.tlog
H:\Learning\Demo\ShaderFog2\ConsoleOpenGL\Debug\link.19356.read.1.tlog
H:\Learning\Demo\ShaderFog2\ConsoleOpenGL\Debug\link.19356.read.2.tlog
H:\Learning\Demo\ShaderFog2\ConsoleOpenGL\Debug\link.19356.write.1.tlog
H:\Learning\Demo\ShaderFog2\ConsoleOpenGL\Debug\link.20404-cvtres.read.1.tlog
H:\Learning\Demo\ShaderFog2\ConsoleOpenGL\Debug\link.20404-cvtres.write.1.tlog
H:\Learning\Demo\ShaderFog2\ConsoleOpenGL\Debug\link.20404-rc.read.1.tlog
H:\Learning\Demo\ShaderFog2\ConsoleOpenGL\Debug\link.20404-rc.write.1.tlog
H:\Learning\Demo\ShaderFog2\ConsoleOpenGL\Debug\link.20404.read.1.tlog
H:\Learning\Demo\ShaderFog2\ConsoleOpenGL\Debug\link.20404.read.2.tlog
H:\Learning\Demo\ShaderFog2\ConsoleOpenGL\Debug\link.20404.write.1.tlog
H:\Learning\Demo\ShaderFog2\ConsoleOpenGL\Debug\link.35936-cvtres.read.1.tlog
H:\Learning\Demo\ShaderFog2\ConsoleOpenGL\Debug\link.35936-cvtres.write.1.tlog
H:\Learning\Demo\ShaderFog2\ConsoleOpenGL\Debug\link.35936-rc.read.1.tlog
H:\Learning\Demo\ShaderFog2\ConsoleOpenGL\Debug\link.35936-rc.write.1.tlog
H:\Learning\Demo\ShaderFog2\ConsoleOpenGL\Debug\link.35936.read.1.tlog
H:\Learning\Demo\ShaderFog2\ConsoleOpenGL\Debug\link.35936.read.2.tlog
H:\Learning\Demo\ShaderFog2\ConsoleOpenGL\Debug\link.35936.write.1.tlog
H:\Learning\Demo\ShaderFog2\ConsoleOpenGL\Debug\link.42200-cvtres.read.1.tlog
H:\Learning\Demo\ShaderFog2\ConsoleOpenGL\Debug\link.42200-cvtres.write.1.tlog
H:\Learning\Demo\ShaderFog2\ConsoleOpenGL\Debug\link.42200-rc.read.1.tlog
H:\Learning\Demo\ShaderFog2\ConsoleOpenGL\Debug\link.42200-rc.write.1.tlog
H:\Learning\Demo\ShaderFog2\ConsoleOpenGL\Debug\link.42200.read.1.tlog
H:\Learning\Demo\ShaderFog2\ConsoleOpenGL\Debug\link.42200.read.2.tlog
H:\Learning\Demo\ShaderFog2\ConsoleOpenGL\Debug\link.42200.write.1.tlog
H:\Learning\Demo\ShaderFog2\ConsoleOpenGL\Debug\link.42388-cvtres.read.1.tlog
H:\Learning\Demo\ShaderFog2\ConsoleOpenGL\Debug\link.42388-cvtres.write.1.tlog
H:\Learning\Demo\ShaderFog2\ConsoleOpenGL\Debug\link.42388-rc.read.1.tlog
H:\Learning\Demo\ShaderFog2\ConsoleOpenGL\Debug\link.42388-rc.write.1.tlog
H:\Learning\Demo\ShaderFog2\ConsoleOpenGL\Debug\link.42388.read.1.tlog
H:\Learning\Demo\ShaderFog2\ConsoleOpenGL\Debug\link.42388.read.2.tlog
H:\Learning\Demo\ShaderFog2\ConsoleOpenGL\Debug\link.42388.write.1.tlog
H:\Learning\Demo\ShaderFog2\ConsoleOpenGL\Debug\link.43240-cvtres.read.1.tlog
H:\Learning\Demo\ShaderFog2\ConsoleOpenGL\Debug\link.43240-cvtres.write.1.tlog
H:\Learning\Demo\ShaderFog2\ConsoleOpenGL\Debug\link.43240-rc.read.1.tlog
H:\Learning\Demo\ShaderFog2\ConsoleOpenGL\Debug\link.43240-rc.write.1.tlog
H:\Learning\Demo\ShaderFog2\ConsoleOpenGL\Debug\link.43240.read.1.tlog
H:\Learning\Demo\ShaderFog2\ConsoleOpenGL\Debug\link.43240.read.2.tlog
H:\Learning\Demo\ShaderFog2\ConsoleOpenGL\Debug\link.43240.write.1.tlog
H:\Learning\Demo\ShaderFog2\ConsoleOpenGL\Debug\link.44556-cvtres.read.1.tlog
H:\Learning\Demo\ShaderFog2\ConsoleOpenGL\Debug\link.44556-cvtres.write.1.tlog
H:\Learning\Demo\ShaderFog2\ConsoleOpenGL\Debug\link.44556-rc.read.1.tlog
H:\Learning\Demo\ShaderFog2\ConsoleOpenGL\Debug\link.44556-rc.write.1.tlog
H:\Learning\Demo\ShaderFog2\ConsoleOpenGL\Debug\link.44556.read.1.tlog
H:\Learning\Demo\ShaderFog2\ConsoleOpenGL\Debug\link.44556.read.2.tlog
H:\Learning\Demo\ShaderFog2\ConsoleOpenGL\Debug\link.44556.write.1.tlog
H:\Learning\Demo\ShaderFog2\ConsoleOpenGL\Debug\link.8800-cvtres.read.1.tlog
H:\Learning\Demo\ShaderFog2\ConsoleOpenGL\Debug\link.8800-cvtres.write.1.tlog
H:\Learning\Demo\ShaderFog2\ConsoleOpenGL\Debug\link.8800-rc.read.1.tlog
H:\Learning\Demo\ShaderFog2\ConsoleOpenGL\Debug\link.8800-rc.write.1.tlog
H:\Learning\Demo\ShaderFog2\ConsoleOpenGL\Debug\link.8800.read.1.tlog
H:\Learning\Demo\ShaderFog2\ConsoleOpenGL\Debug\link.8800.read.2.tlog
H:\Learning\Demo\ShaderFog2\ConsoleOpenGL\Debug\link.8800.write.1.tlog
H:\Learning\Demo\ShaderFog2\ConsoleOpenGL\Debug\link.command.1.tlog
H:\Learning\Demo\ShaderFog2\ConsoleOpenGL\Debug\link.read.1.tlog
H:\Learning\Demo\ShaderFog2\ConsoleOpenGL\Debug\link.read.2.tlog
H:\Learning\Demo\ShaderFog2\ConsoleOpenGL\Debug\link.write.1.tlog
H:\Learning\Demo\ShaderFog2\ConsoleOpenGL\Debug\vc110.idb
H:\Learning\Demo\ShaderFog2\ConsoleOpenGL\Debug\vc110.pdb
H:\Learning\Demo\ShaderFog2\Debug\ConsoleOpenGL.pdb
H:\Learning\Demo\ShaderFog2\Debug\ConsoleOpenGL.exe
H:\Learning\Demo\ShaderFog2\Debug\ConsoleOpenGL.ilk
