生成启动时间为 2022/1/20 22:29:36。
     1>项目“I:\Learning\Demo\ShaderFog2\ConsoleOpenGL\ConsoleOpenGL.vcxproj”在节点 2 上(Build 个目标)。
     1>ClCompile:
         C:\Program Files (x86)\Microsoft Visual Studio 11.0\VC\bin\CL.exe /c /I..\include /ZI /nologo /W3 /WX- /Od /Oy- /D WIN32 /D _DEBUG /D _CONSOLE /D _UNICODE /D UNICODE /Gm /EHsc /RTC1 /MDd /GS /fp:precise /Zc:wchar_t /Zc:forScope /Fo"Debug\\" /Fd"Debug\vc110.pdb" /Gd /TP /analyze- /errorReport:prompt main.cpp
         main.cpp
     1>i:\learning\demo\shaderfog2\include\learnopengl\shader_m.h(44): warning C4101: “e”: 未引用的局部变量
       Link:
         C:\Program Files (x86)\Microsoft Visual Studio 11.0\VC\bin\link.exe /ERRORREPORT:PROMPT /OUT:"I:\Learning\Demo\ShaderFog2\Debug\ConsoleOpenGL.exe" /INCREMENTAL /NOLOGO /LIBPATH:..\lib\Debug\Win32 "assimp-vc110-mt.lib" glfw3.lib opengl32.lib kernel32.lib user32.lib gdi32.lib winspool.lib comdlg32.lib advapi32.lib shell32.lib ole32.lib oleaut32.lib uuid.lib odbc32.lib odbccp32.lib /MANIFEST /MANIFESTUAC:"level='asInvoker' uiAccess='false'" /manifest:embed /DEBUG /PDB:"I:\Learning\Demo\ShaderFog2\Debug\ConsoleOpenGL.pdb" /SUBSYSTEM:CONSOLE /TLBID:1 /DYNAMICBASE /NXCOMPAT /IMPLIB:"I:\Learning\Demo\ShaderFog2\Debug\ConsoleOpenGL.lib" /MACHINE:X86 Debug\glad.obj
         Debug\main.obj
     1>glfw3.lib(context.obj) : warning LNK4099: 未找到 PDB“vc110.pdb”(使用“glfw3.lib(context.obj)”或在“I:\Learning\Demo\ShaderFog2\Debug\vc110.pdb”中寻找)；正在链接对象，如同没有调试信息一样
     1>glfw3.lib(init.obj) : warning LNK4099: 未找到 PDB“vc110.pdb”(使用“glfw3.lib(init.obj)”或在“I:\Learning\Demo\ShaderFog2\Debug\vc110.pdb”中寻找)；正在链接对象，如同没有调试信息一样
     1>glfw3.lib(input.obj) : warning LNK4099: 未找到 PDB“vc110.pdb”(使用“glfw3.lib(input.obj)”或在“I:\Learning\Demo\ShaderFog2\Debug\vc110.pdb”中寻找)；正在链接对象，如同没有调试信息一样
     1>glfw3.lib(monitor.obj) : warning LNK4099: 未找到 PDB“vc110.pdb”(使用“glfw3.lib(monitor.obj)”或在“I:\Learning\Demo\ShaderFog2\Debug\vc110.pdb”中寻找)；正在链接对象，如同没有调试信息一样
     1>glfw3.lib(vulkan.obj) : warning LNK4099: 未找到 PDB“vc110.pdb”(使用“glfw3.lib(vulkan.obj)”或在“I:\Learning\Demo\ShaderFog2\Debug\vc110.pdb”中寻找)；正在链接对象，如同没有调试信息一样
     1>glfw3.lib(window.obj) : warning LNK4099: 未找到 PDB“vc110.pdb”(使用“glfw3.lib(window.obj)”或在“I:\Learning\Demo\ShaderFog2\Debug\vc110.pdb”中寻找)；正在链接对象，如同没有调试信息一样
     1>glfw3.lib(win32_init.obj) : warning LNK4099: 未找到 PDB“vc110.pdb”(使用“glfw3.lib(win32_init.obj)”或在“I:\Learning\Demo\ShaderFog2\Debug\vc110.pdb”中寻找)；正在链接对象，如同没有调试信息一样
     1>glfw3.lib(win32_joystick.obj) : warning LNK4099: 未找到 PDB“vc110.pdb”(使用“glfw3.lib(win32_joystick.obj)”或在“I:\Learning\Demo\ShaderFog2\Debug\vc110.pdb”中寻找)；正在链接对象，如同没有调试信息一样
     1>glfw3.lib(win32_monitor.obj) : warning LNK4099: 未找到 PDB“vc110.pdb”(使用“glfw3.lib(win32_monitor.obj)”或在“I:\Learning\Demo\ShaderFog2\Debug\vc110.pdb”中寻找)；正在链接对象，如同没有调试信息一样
     1>glfw3.lib(win32_time.obj) : warning LNK4099: 未找到 PDB“vc110.pdb”(使用“glfw3.lib(win32_time.obj)”或在“I:\Learning\Demo\ShaderFog2\Debug\vc110.pdb”中寻找)；正在链接对象，如同没有调试信息一样
     1>glfw3.lib(win32_thread.obj) : warning LNK4099: 未找到 PDB“vc110.pdb”(使用“glfw3.lib(win32_thread.obj)”或在“I:\Learning\Demo\ShaderFog2\Debug\vc110.pdb”中寻找)；正在链接对象，如同没有调试信息一样
     1>glfw3.lib(win32_window.obj) : warning LNK4099: 未找到 PDB“vc110.pdb”(使用“glfw3.lib(win32_window.obj)”或在“I:\Learning\Demo\ShaderFog2\Debug\vc110.pdb”中寻找)；正在链接对象，如同没有调试信息一样
     1>glfw3.lib(wgl_context.obj) : warning LNK4099: 未找到 PDB“vc110.pdb”(使用“glfw3.lib(wgl_context.obj)”或在“I:\Learning\Demo\ShaderFog2\Debug\vc110.pdb”中寻找)；正在链接对象，如同没有调试信息一样
     1>glfw3.lib(egl_context.obj) : warning LNK4099: 未找到 PDB“vc110.pdb”(使用“glfw3.lib(egl_context.obj)”或在“I:\Learning\Demo\ShaderFog2\Debug\vc110.pdb”中寻找)；正在链接对象，如同没有调试信息一样
     1>glfw3.lib(osmesa_context.obj) : warning LNK4099: 未找到 PDB“vc110.pdb”(使用“glfw3.lib(osmesa_context.obj)”或在“I:\Learning\Demo\ShaderFog2\Debug\vc110.pdb”中寻找)；正在链接对象，如同没有调试信息一样
         ConsoleOpenGL.vcxproj -> I:\Learning\Demo\ShaderFog2\Debug\ConsoleOpenGL.exe
     1>已完成生成项目“I:\Learning\Demo\ShaderFog2\ConsoleOpenGL\ConsoleOpenGL.vcxproj”(Build 个目标)的操作。

生成成功。

已用时间 00:00:04.10
