I:\LEARNING\CONSOLEOPENGL\CONSOLEOPENGL\DEBUG\GLAD.OBJ
I:\LEARNING\CONSOLEOPENGL\CONSOLEOPENGL\DEBUG\VC110.PDB
I:\LEARNING\CONSOLEOPENGL\CONSOLEOPENGL\DEBUG\MAIN.OBJ
I:\LEARNING\CONSOLEOPENGL\DEBUG\CONSOLEOPENGL.ILK
I:\LEARNING\CONSOLEOPENGL\DEBUG\CONSOLEOPENGL.EXE
I:\LEARNING\CONSOLEOPENGL\DEBUG\CONSOLEOPENGL.PDB
I:\Learning\ConsoleOpenGL\ConsoleOpenGL\Debug\glad.obj
I:\Learning\ConsoleOpenGL\ConsoleOpenGL\Debug\main.obj
I:\Learning\ConsoleOpenGL\ConsoleOpenGL\Debug\cl.command.1.tlog
I:\Learning\ConsoleOpenGL\ConsoleOpenGL\Debug\CL.read.1.tlog
I:\Learning\ConsoleOpenGL\ConsoleOpenGL\Debug\CL.write.1.tlog
I:\Learning\ConsoleOpenGL\ConsoleOpenGL\Debug\link-cvtres.read.1.tlog
I:\Learning\ConsoleOpenGL\ConsoleOpenGL\Debug\link-cvtres.write.1.tlog
I:\Learning\ConsoleOpenGL\ConsoleOpenGL\Debug\link-rc.read.1.tlog
I:\Learning\ConsoleOpenGL\ConsoleOpenGL\Debug\link-rc.write.1.tlog
I:\Learning\ConsoleOpenGL\ConsoleOpenGL\Debug\link.13160-cvtres.read.1.tlog
I:\Learning\ConsoleOpenGL\ConsoleOpenGL\Debug\link.13160-cvtres.write.1.tlog
I:\Learning\ConsoleOpenGL\ConsoleOpenGL\Debug\link.13160-rc.read.1.tlog
I:\Learning\ConsoleOpenGL\ConsoleOpenGL\Debug\link.13160-rc.write.1.tlog
I:\Learning\ConsoleOpenGL\ConsoleOpenGL\Debug\link.13160.read.1.tlog
I:\Learning\ConsoleOpenGL\ConsoleOpenGL\Debug\link.13160.read.2.tlog
I:\Learning\ConsoleOpenGL\ConsoleOpenGL\Debug\link.13160.write.1.tlog
I:\Learning\ConsoleOpenGL\ConsoleOpenGL\Debug\link.13452-cvtres.read.1.tlog
I:\Learning\ConsoleOpenGL\ConsoleOpenGL\Debug\link.13452-cvtres.write.1.tlog
I:\Learning\ConsoleOpenGL\ConsoleOpenGL\Debug\link.13452-rc.read.1.tlog
I:\Learning\ConsoleOpenGL\ConsoleOpenGL\Debug\link.13452-rc.write.1.tlog
I:\Learning\ConsoleOpenGL\ConsoleOpenGL\Debug\link.13452.read.1.tlog
I:\Learning\ConsoleOpenGL\ConsoleOpenGL\Debug\link.13452.read.2.tlog
I:\Learning\ConsoleOpenGL\ConsoleOpenGL\Debug\link.13452.write.1.tlog
I:\Learning\ConsoleOpenGL\ConsoleOpenGL\Debug\link.17144-cvtres.read.1.tlog
I:\Learning\ConsoleOpenGL\ConsoleOpenGL\Debug\link.17144-cvtres.write.1.tlog
I:\Learning\ConsoleOpenGL\ConsoleOpenGL\Debug\link.17144-rc.read.1.tlog
I:\Learning\ConsoleOpenGL\ConsoleOpenGL\Debug\link.17144-rc.write.1.tlog
I:\Learning\ConsoleOpenGL\ConsoleOpenGL\Debug\link.17144.read.1.tlog
I:\Learning\ConsoleOpenGL\ConsoleOpenGL\Debug\link.17144.read.2.tlog
I:\Learning\ConsoleOpenGL\ConsoleOpenGL\Debug\link.17144.write.1.tlog
I:\Learning\ConsoleOpenGL\ConsoleOpenGL\Debug\link.1856-cvtres.read.1.tlog
I:\Learning\ConsoleOpenGL\ConsoleOpenGL\Debug\link.1856-cvtres.write.1.tlog
I:\Learning\ConsoleOpenGL\ConsoleOpenGL\Debug\link.1856-rc.read.1.tlog
I:\Learning\ConsoleOpenGL\ConsoleOpenGL\Debug\link.1856-rc.write.1.tlog
I:\Learning\ConsoleOpenGL\ConsoleOpenGL\Debug\link.1856.read.1.tlog
I:\Learning\ConsoleOpenGL\ConsoleOpenGL\Debug\link.1856.read.2.tlog
I:\Learning\ConsoleOpenGL\ConsoleOpenGL\Debug\link.1856.write.1.tlog
I:\Learning\ConsoleOpenGL\ConsoleOpenGL\Debug\link.19668-cvtres.read.1.tlog
I:\Learning\ConsoleOpenGL\ConsoleOpenGL\Debug\link.19668-cvtres.write.1.tlog
I:\Learning\ConsoleOpenGL\ConsoleOpenGL\Debug\link.19668-rc.read.1.tlog
I:\Learning\ConsoleOpenGL\ConsoleOpenGL\Debug\link.19668-rc.write.1.tlog
I:\Learning\ConsoleOpenGL\ConsoleOpenGL\Debug\link.19668.read.1.tlog
I:\Learning\ConsoleOpenGL\ConsoleOpenGL\Debug\link.19668.read.2.tlog
I:\Learning\ConsoleOpenGL\ConsoleOpenGL\Debug\link.19668.write.1.tlog
I:\Learning\ConsoleOpenGL\ConsoleOpenGL\Debug\link.24100-cvtres.read.1.tlog
I:\Learning\ConsoleOpenGL\ConsoleOpenGL\Debug\link.24100-cvtres.write.1.tlog
I:\Learning\ConsoleOpenGL\ConsoleOpenGL\Debug\link.24100-rc.read.1.tlog
I:\Learning\ConsoleOpenGL\ConsoleOpenGL\Debug\link.24100-rc.write.1.tlog
I:\Learning\ConsoleOpenGL\ConsoleOpenGL\Debug\link.24100.read.1.tlog
I:\Learning\ConsoleOpenGL\ConsoleOpenGL\Debug\link.24100.read.2.tlog
I:\Learning\ConsoleOpenGL\ConsoleOpenGL\Debug\link.24100.write.1.tlog
I:\Learning\ConsoleOpenGL\ConsoleOpenGL\Debug\link.25552-cvtres.read.1.tlog
I:\Learning\ConsoleOpenGL\ConsoleOpenGL\Debug\link.25552-cvtres.write.1.tlog
I:\Learning\ConsoleOpenGL\ConsoleOpenGL\Debug\link.25552-rc.read.1.tlog
I:\Learning\ConsoleOpenGL\ConsoleOpenGL\Debug\link.25552-rc.write.1.tlog
I:\Learning\ConsoleOpenGL\ConsoleOpenGL\Debug\link.25552.read.1.tlog
I:\Learning\ConsoleOpenGL\ConsoleOpenGL\Debug\link.25552.read.2.tlog
I:\Learning\ConsoleOpenGL\ConsoleOpenGL\Debug\link.25552.write.1.tlog
I:\Learning\ConsoleOpenGL\ConsoleOpenGL\Debug\link.3780-cvtres.read.1.tlog
I:\Learning\ConsoleOpenGL\ConsoleOpenGL\Debug\link.3780-cvtres.write.1.tlog
I:\Learning\ConsoleOpenGL\ConsoleOpenGL\Debug\link.3780-rc.read.1.tlog
I:\Learning\ConsoleOpenGL\ConsoleOpenGL\Debug\link.3780-rc.write.1.tlog
I:\Learning\ConsoleOpenGL\ConsoleOpenGL\Debug\link.3780.read.1.tlog
I:\Learning\ConsoleOpenGL\ConsoleOpenGL\Debug\link.3780.read.2.tlog
I:\Learning\ConsoleOpenGL\ConsoleOpenGL\Debug\link.3780.write.1.tlog
I:\Learning\ConsoleOpenGL\ConsoleOpenGL\Debug\link.4000-cvtres.read.1.tlog
I:\Learning\ConsoleOpenGL\ConsoleOpenGL\Debug\link.4000-cvtres.write.1.tlog
I:\Learning\ConsoleOpenGL\ConsoleOpenGL\Debug\link.4000-rc.read.1.tlog
I:\Learning\ConsoleOpenGL\ConsoleOpenGL\Debug\link.4000-rc.write.1.tlog
I:\Learning\ConsoleOpenGL\ConsoleOpenGL\Debug\link.4000.read.1.tlog
I:\Learning\ConsoleOpenGL\ConsoleOpenGL\Debug\link.4000.read.2.tlog
I:\Learning\ConsoleOpenGL\ConsoleOpenGL\Debug\link.4000.write.1.tlog
I:\Learning\ConsoleOpenGL\ConsoleOpenGL\Debug\link.4304-cvtres.read.1.tlog
I:\Learning\ConsoleOpenGL\ConsoleOpenGL\Debug\link.4304-cvtres.write.1.tlog
I:\Learning\ConsoleOpenGL\ConsoleOpenGL\Debug\link.4304-rc.read.1.tlog
I:\Learning\ConsoleOpenGL\ConsoleOpenGL\Debug\link.4304-rc.write.1.tlog
I:\Learning\ConsoleOpenGL\ConsoleOpenGL\Debug\link.4304.read.1.tlog
I:\Learning\ConsoleOpenGL\ConsoleOpenGL\Debug\link.4304.read.2.tlog
I:\Learning\ConsoleOpenGL\ConsoleOpenGL\Debug\link.4304.write.1.tlog
I:\Learning\ConsoleOpenGL\ConsoleOpenGL\Debug\link.47548-cvtres.read.1.tlog
I:\Learning\ConsoleOpenGL\ConsoleOpenGL\Debug\link.47548-cvtres.write.1.tlog
I:\Learning\ConsoleOpenGL\ConsoleOpenGL\Debug\link.47548-rc.read.1.tlog
I:\Learning\ConsoleOpenGL\ConsoleOpenGL\Debug\link.47548-rc.write.1.tlog
I:\Learning\ConsoleOpenGL\ConsoleOpenGL\Debug\link.47548.read.1.tlog
I:\Learning\ConsoleOpenGL\ConsoleOpenGL\Debug\link.47548.read.2.tlog
I:\Learning\ConsoleOpenGL\ConsoleOpenGL\Debug\link.47548.write.1.tlog
I:\Learning\ConsoleOpenGL\ConsoleOpenGL\Debug\link.53336-cvtres.read.1.tlog
I:\Learning\ConsoleOpenGL\ConsoleOpenGL\Debug\link.53336-cvtres.write.1.tlog
I:\Learning\ConsoleOpenGL\ConsoleOpenGL\Debug\link.53336-rc.read.1.tlog
I:\Learning\ConsoleOpenGL\ConsoleOpenGL\Debug\link.53336-rc.write.1.tlog
I:\Learning\ConsoleOpenGL\ConsoleOpenGL\Debug\link.53336.read.1.tlog
I:\Learning\ConsoleOpenGL\ConsoleOpenGL\Debug\link.53336.read.2.tlog
I:\Learning\ConsoleOpenGL\ConsoleOpenGL\Debug\link.53336.write.1.tlog
I:\Learning\ConsoleOpenGL\ConsoleOpenGL\Debug\link.53796-cvtres.read.1.tlog
I:\Learning\ConsoleOpenGL\ConsoleOpenGL\Debug\link.53796-cvtres.write.1.tlog
I:\Learning\ConsoleOpenGL\ConsoleOpenGL\Debug\link.53796-rc.read.1.tlog
I:\Learning\ConsoleOpenGL\ConsoleOpenGL\Debug\link.53796-rc.write.1.tlog
I:\Learning\ConsoleOpenGL\ConsoleOpenGL\Debug\link.53796.read.1.tlog
I:\Learning\ConsoleOpenGL\ConsoleOpenGL\Debug\link.53796.read.2.tlog
I:\Learning\ConsoleOpenGL\ConsoleOpenGL\Debug\link.53796.write.1.tlog
I:\Learning\ConsoleOpenGL\ConsoleOpenGL\Debug\link.command.1.tlog
I:\Learning\ConsoleOpenGL\ConsoleOpenGL\Debug\link.read.1.tlog
I:\Learning\ConsoleOpenGL\ConsoleOpenGL\Debug\link.read.2.tlog
I:\Learning\ConsoleOpenGL\ConsoleOpenGL\Debug\link.write.1.tlog
I:\Learning\ConsoleOpenGL\ConsoleOpenGL\Debug\vc110.idb
I:\Learning\ConsoleOpenGL\ConsoleOpenGL\Debug\vc110.pdb
I:\Learning\ConsoleOpenGL\Debug\ConsoleOpenGL.pdb
I:\Learning\ConsoleOpenGL\Debug\ConsoleOpenGL.exe
I:\Learning\ConsoleOpenGL\Debug\ConsoleOpenGL.ilk
